<?xml version="1.0" encoding="UTF-8"?>
<!-- Generated by org.testng.reporters.JUnitReportReporter -->
<testsuite hostname="HKB_INDIA" failures="0" tests="1" name="hkbdevelopment.FillFormTest_Demo" time="15.976" errors="0" timestamp="2023-06-27T10:53:24 IST" skipped="0">
  <testcase classname="hkbdevelopment.FillFormTest_Demo" name="fillFormTest_PositiveFlow" time="15.976"/>
  <system-out/>
</testsuite> <!-- hkbdevelopment.FillFormTest_Demo -->
